Using pre-set license
Built from '2020.3/staging' branch; Version is '2020.3.18f1 (a7d1c678663c) revision 10998214'; Using compiler version '192528614'; Build Type 'Release'
OS: 'Windows 10 Pro; OS build 19043.1466; Version 2009; 64bit' Language: 'en' Physical Memory: 16301 MB
BatchMode: 1, IsHumanControllingUs: 0, StartBugReporterOnCrash: 0, Is64bit: 1, IsPro: 0

COMMAND LINE ARGUMENTS:
D:\Software\Unity Editor\2020.3.18f1\Editor\Unity.exe
-adb2
-batchMode
-noUpm
-name
AssetImportWorker0
-projectPath
D:/Sorted Files/Hobby/Unity Projects/Bioware2003
-logFile
Logs/AssetImportWorker0.log
-srvPort
1037
Successfully changed project path to: D:/Sorted Files/Hobby/Unity Projects/Bioware2003
D:/Sorted Files/Hobby/Unity Projects/Bioware2003
Using Asset Import Pipeline V2.
Refreshing native plugins compatible for Editor in 40.69 ms, found 2 plugins.
Preloading 0 native plugins for Editor in 0.00 ms.
Initialize engine version: 2020.3.18f1 (a7d1c678663c)
[Subsystems] Discovering subsystems at path D:/Software/Unity Editor/2020.3.18f1/Editor/Data/Resources/UnitySubsystems
[Subsystems] Discovering subsystems at path D:/Sorted Files/Hobby/Unity Projects/Bioware2003/Assets
GfxDevice: creating device client; threaded=0
Direct3D:
    Version:  Direct3D 11.0 [level 11.1]
    Renderer: NVIDIA GeForce GTX 980 Ti (ID=0x17c8)
    Vendor:   
    VRAM:     6097 MB
    Driver:   30.0.14.9649
Initialize mono
Mono path[0] = 'D:/Software/Unity Editor/2020.3.18f1/Editor/Data/Managed'
Mono path[1] = 'D:/Software/Unity Editor/2020.3.18f1/Editor/Data/MonoBleedingEdge/lib/mono/unityjit'
Mono config path = 'D:/Software/Unity Editor/2020.3.18f1/Editor/Data/MonoBleedingEdge/etc'
Using monoOptions --debugger-agent=transport=dt_socket,embedding=1,server=y,suspend=n,address=127.0.0.1:56612
Begin MonoManager ReloadAssembly
Registering precompiled unity dll's ...
Register platform support module: D:/Software/Unity Editor/2020.3.18f1/Editor/Data/PlaybackEngines/WindowsStandaloneSupport/UnityEditor.WindowsStandalone.Extensions.dll
Registered in 0.001517 seconds.
Native extension for WindowsStandalone target not found
Refreshing native plugins compatible for Editor in 42.49 ms, found 2 plugins.
Preloading 0 native plugins for Editor in 0.00 ms.
Mono: successfully reloaded assembly
- Completed reload, in  1.452 seconds
Domain Reload Profiling:
	ReloadAssembly (1452ms)
		BeginReloadAssembly (82ms)
			ExecutionOrderSort (0ms)
			DisableScriptedObjects (0ms)
			BackupInstance (0ms)
			ReleaseScriptingObjects (0ms)
			CreateAndSetChildDomain (1ms)
		EndReloadAssembly (469ms)
			LoadAssemblies (81ms)
			RebuildTransferFunctionScriptingTraits (0ms)
			SetupTypeCache (167ms)
			ReleaseScriptCaches (0ms)
			RebuildScriptCaches (31ms)
			SetupLoadedEditorAssemblies (197ms)
				LogAssemblyErrors (0ms)
				InitializePlatformSupportModulesInManaged (4ms)
				SetLoadedEditorAssemblies (0ms)
				RefreshPlugins (43ms)
				BeforeProcessingInitializeOnLoad (14ms)
				ProcessInitializeOnLoadAttributes (103ms)
				ProcessInitializeOnLoadMethodAttributes (33ms)
				AfterProcessingInitializeOnLoad (0ms)
				EditorAssembliesLoaded (0ms)
			ExecutionOrderSort2 (0ms)
			AwakeInstancesAfterBackupRestoration (0ms)
Platform modules already initialized, skipping
Registering precompiled user dll's ...
Registered in 0.003277 seconds.
Begin MonoManager ReloadAssembly
Native extension for WindowsStandalone target not found
Refreshing native plugins compatible for Editor in 0.35 ms, found 2 plugins.
Preloading 0 native plugins for Editor in 0.00 ms.
Mono: successfully reloaded assembly
- Completed reload, in  1.179 seconds
Domain Reload Profiling:
	ReloadAssembly (1180ms)
		BeginReloadAssembly (200ms)
			ExecutionOrderSort (0ms)
			DisableScriptedObjects (4ms)
			BackupInstance (0ms)
			ReleaseScriptingObjects (0ms)
			CreateAndSetChildDomain (24ms)
		EndReloadAssembly (913ms)
			LoadAssemblies (118ms)
			RebuildTransferFunctionScriptingTraits (0ms)
			SetupTypeCache (336ms)
			ReleaseScriptCaches (0ms)
			RebuildScriptCaches (50ms)
			SetupLoadedEditorAssemblies (318ms)
				LogAssemblyErrors (0ms)
				InitializePlatformSupportModulesInManaged (6ms)
				SetLoadedEditorAssemblies (1ms)
				RefreshPlugins (0ms)
				BeforeProcessingInitializeOnLoad (97ms)
				ProcessInitializeOnLoadAttributes (205ms)
				ProcessInitializeOnLoadMethodAttributes (5ms)
				AfterProcessingInitializeOnLoad (3ms)
				EditorAssembliesLoaded (0ms)
			ExecutionOrderSort2 (0ms)
			AwakeInstancesAfterBackupRestoration (9ms)
Platform modules already initialized, skipping
========================================================================
Worker process is ready to serve import requests
Launched and connected shader compiler UnityShaderCompiler.exe after 0.08 seconds
Refreshing native plugins compatible for Editor in 0.35 ms, found 2 plugins.
Preloading 0 native plugins for Editor in 0.00 ms.
Unloading 1572 Unused Serialized files (Serialized files now loaded: 0)
System memory in use before: 90.3 MB.
System memory in use after: 90.4 MB.

Unloading 17 unused Assets to reduce memory usage. Loaded Objects now: 2026.
Total: 3.141300 ms (FindLiveObjects: 0.246200 ms CreateObjectMapping: 0.064000 ms MarkObjects: 2.725700 ms  DeleteObjects: 0.104100 ms)

AssetImportParameters requested are different than current active one (requested -> active):
  custom:framework-win-MediaFoundation: 216162199b28c13a410421893ffa2e32 -> 
  custom:video-decoder-ogg-theora: a1e56fd34408186e4bbccfd4996cb3dc -> 
  custom:container-muxer-webm: aa71ff27fc2769a1b78a27578f13a17b -> 
  custom:container-demuxer-webm: 4f35f7cbe854078d1ac9338744f61a02 -> 
  custom:container-demuxer-ogg: 62fdf1f143b41e24485cea50d1cbac27 -> 
  custom:video-encoder-webm-vp8: eb34c28f22e8b96e1ab97ce403110664 -> 
  custom:video-codec-MediaFoundation-h265: 746d11721c4dcdbdad8f713fa42b33f4 -> 
  custom:video-decoder-webm-vp8: 9c59270c3fd7afecdb556c50c9e8de78 -> 
  custom:audio-decoder-ogg-vorbis: bf7c407c2cedff20999df2af8eb42d56 -> 
  custom:audio-encoder-webm-vorbis: bf7c407c2cedff20999df2af8eb42d56 -> 
========================================================================
Received Import Request.
  path: Assets/Sprites/sword.png
  artifactKey: Guid(e23fc02ada34fe34cad0d81e1058fbe9) Importer(815301076,1909f56bfc062723c751e8b465ee728b)
Start importing Assets/Sprites/sword.png using Guid(e23fc02ada34fe34cad0d81e1058fbe9) Importer(815301076,1909f56bfc062723c751e8b465ee728b)  -> (artifact id: 'c0759b8a985b529344f607f0c2106d6d') in 0.222369 seconds 
  Import took 0.240862 seconds .

========================================================================
Received Import Request.
  Time since last request: 0.000367 seconds.
  path: Assets/Sprites/bagSprite.png
  artifactKey: Guid(fdda36300bf154b4db5b5219990205a8) Importer(815301076,1909f56bfc062723c751e8b465ee728b)
Start importing Assets/Sprites/bagSprite.png using Guid(fdda36300bf154b4db5b5219990205a8) Importer(815301076,1909f56bfc062723c751e8b465ee728b)  -> (artifact id: '8eb080c9993416d81dcc5c5ed185cfb5') in 0.007637 seconds 
  Import took 0.014028 seconds .

========================================================================
Received Import Request.
  Time since last request: 0.000251 seconds.
  path: Assets/Sprites/shieldSprite.png
  artifactKey: Guid(a9c11a520cbf85e418e2d963ff1dd151) Importer(815301076,1909f56bfc062723c751e8b465ee728b)
Start importing Assets/Sprites/shieldSprite.png using Guid(a9c11a520cbf85e418e2d963ff1dd151) Importer(815301076,1909f56bfc062723c751e8b465ee728b)  -> (artifact id: 'd9288bd254aed9e849a318610c4adfc0') in 0.007793 seconds 
  Import took 0.015353 seconds .

========================================================================
Received Import Request.
  Time since last request: 0.000155 seconds.
  path: Assets/Sprites/bagSprite.png
  artifactKey: Guid(fdda36300bf154b4db5b5219990205a8) Importer(815301076,1909f56bfc062723c751e8b465ee728b)
Start importing Assets/Sprites/bagSprite.png using Guid(fdda36300bf154b4db5b5219990205a8) Importer(815301076,1909f56bfc062723c751e8b465ee728b)  -> (artifact id: '8eb080c9993416d81dcc5c5ed185cfb5') in 0.007497 seconds 
  Import took 0.010746 seconds .

========================================================================
Received Import Request.
  Time since last request: 0.000357 seconds.
  path: Assets/Sprites/strangeJewelSprite.png
  artifactKey: Guid(5980640743bfd2342adff3e2aed41999) Importer(815301076,1909f56bfc062723c751e8b465ee728b)
Start importing Assets/Sprites/strangeJewelSprite.png using Guid(5980640743bfd2342adff3e2aed41999) Importer(815301076,1909f56bfc062723c751e8b465ee728b)  -> (artifact id: 'ce4eb3d9a54e2cdefc28d783e37fa6a7') in 0.005941 seconds 
  Import took 0.010206 seconds .

========================================================================
Received Import Request.
  Time since last request: 0.000358 seconds.
  path: Assets/Sprites/keySprite.png
  artifactKey: Guid(199fdc6c0b487964eaf0ada368171135) Importer(815301076,1909f56bfc062723c751e8b465ee728b)
Start importing Assets/Sprites/keySprite.png using Guid(199fdc6c0b487964eaf0ada368171135) Importer(815301076,1909f56bfc062723c751e8b465ee728b)  -> (artifact id: 'b134a7b72fc9fff969862f90e10c765e') in 0.009951 seconds 
  Import took 0.016481 seconds .

========================================================================
Received Import Request.
  Time since last request: 0.000232 seconds.
  path: Assets/Sprites/leatherhelmet.png
  artifactKey: Guid(4947dd566ca864444b571cde3e41b3ea) Importer(815301076,1909f56bfc062723c751e8b465ee728b)
Start importing Assets/Sprites/leatherhelmet.png using Guid(4947dd566ca864444b571cde3e41b3ea) Importer(815301076,1909f56bfc062723c751e8b465ee728b)  -> (artifact id: '0f96392d3366f4b552493d9f34229cf6') in 0.007980 seconds 
  Import took 0.014874 seconds .

========================================================================
Received Import Request.
  Time since last request: 0.000305 seconds.
  path: Assets/Sprites/coinsSprite.png
  artifactKey: Guid(8bcfc179eeaf770419d5355816807bdc) Importer(815301076,1909f56bfc062723c751e8b465ee728b)
Start importing Assets/Sprites/coinsSprite.png using Guid(8bcfc179eeaf770419d5355816807bdc) Importer(815301076,1909f56bfc062723c751e8b465ee728b)  -> (artifact id: '0732806fde538f527c0b74e26dad15f3') in 0.010122 seconds 
  Import took 0.013711 seconds .

========================================================================
Received Prepare
Registering precompiled user dll's ...
Registered in 0.011211 seconds.
Begin MonoManager ReloadAssembly
Native extension for WindowsStandalone target not found
Refreshing native plugins compatible for Editor in 0.49 ms, found 2 plugins.
Preloading 0 native plugins for Editor in 0.00 ms.
Mono: successfully reloaded assembly
- Completed reload, in  3.279 seconds
Domain Reload Profiling:
	ReloadAssembly (3280ms)
		BeginReloadAssembly (342ms)
			ExecutionOrderSort (0ms)
			DisableScriptedObjects (13ms)
			BackupInstance (0ms)
			ReleaseScriptingObjects (0ms)
			CreateAndSetChildDomain (80ms)
		EndReloadAssembly (2845ms)
			LoadAssemblies (269ms)
			RebuildTransferFunctionScriptingTraits (0ms)
			SetupTypeCache (1322ms)
			ReleaseScriptCaches (4ms)
			RebuildScriptCaches (135ms)
			SetupLoadedEditorAssemblies (925ms)
				LogAssemblyErrors (0ms)
				InitializePlatformSupportModulesInManaged (18ms)
				SetLoadedEditorAssemblies (1ms)
				RefreshPlugins (1ms)
				BeforeProcessingInitializeOnLoad (277ms)
				ProcessInitializeOnLoadAttributes (605ms)
				ProcessInitializeOnLoadMethodAttributes (18ms)
				AfterProcessingInitializeOnLoad (5ms)
				EditorAssembliesLoaded (0ms)
			ExecutionOrderSort2 (0ms)
			AwakeInstancesAfterBackupRestoration (18ms)
Platform modules already initialized, skipping
Refreshing native plugins compatible for Editor in 0.54 ms, found 2 plugins.
Preloading 0 native plugins for Editor in 0.00 ms.
Unloading 1538 Unused Serialized files (Serialized files now loaded: 0)
System memory in use before: 87.3 MB.
System memory in use after: 87.5 MB.

Unloading 12 unused Assets to reduce memory usage. Loaded Objects now: 2030.
Total: 4.337100 ms (FindLiveObjects: 0.642100 ms CreateObjectMapping: 0.213900 ms MarkObjects: 3.446600 ms  DeleteObjects: 0.033300 ms)

AssetImportParameters requested are different than current active one (requested -> active):
  custom:framework-win-MediaFoundation: 216162199b28c13a410421893ffa2e32 -> 
  custom:video-decoder-ogg-theora: a1e56fd34408186e4bbccfd4996cb3dc -> 
  custom:container-muxer-webm: aa71ff27fc2769a1b78a27578f13a17b -> 
  custom:container-demuxer-webm: 4f35f7cbe854078d1ac9338744f61a02 -> 
  custom:container-demuxer-ogg: 62fdf1f143b41e24485cea50d1cbac27 -> 
  custom:video-encoder-webm-vp8: eb34c28f22e8b96e1ab97ce403110664 -> 
  custom:video-codec-MediaFoundation-h265: 746d11721c4dcdbdad8f713fa42b33f4 -> 
  custom:video-decoder-webm-vp8: 9c59270c3fd7afecdb556c50c9e8de78 -> 
  custom:audio-decoder-ogg-vorbis: bf7c407c2cedff20999df2af8eb42d56 -> 
  custom:audio-encoder-webm-vorbis: bf7c407c2cedff20999df2af8eb42d56 -> 
========================================================================
Received Import Request.
  Time since last request: 1439.866995 seconds.
  path: Assets/Prefabs/Slot.prefab
  artifactKey: Guid(9acc320981e0cab4c9880f893175cc75) Importer(815301076,1909f56bfc062723c751e8b465ee728b)
Start importing Assets/Prefabs/Slot.prefab using Guid(9acc320981e0cab4c9880f893175cc75) Importer(815301076,1909f56bfc062723c751e8b465ee728b)  -> (artifact id: '451030d623877745dd3f3b705fad3b34') in 0.055063 seconds 
  Import took 0.071352 seconds .

========================================================================
Received Import Request.
  Time since last request: 0.000239 seconds.
  path: Assets/Prefabs/Tight Corridor.prefab
  artifactKey: Guid(ffd30ddddc29477419fbb26c0ee3f397) Importer(815301076,1909f56bfc062723c751e8b465ee728b)
Start importing Assets/Prefabs/Tight Corridor.prefab using Guid(ffd30ddddc29477419fbb26c0ee3f397) Importer(815301076,1909f56bfc062723c751e8b465ee728b)  -> (artifact id: '0ac055fbb10e217b7cf13c295d36f204') in 0.095698 seconds 
  Import took 0.110186 seconds .

========================================================================
Received Import Request.
  Time since last request: 780.746365 seconds.
  path: Assets/Materials/SlateGrey.mat
  artifactKey: Guid(edfd31e2bc03d58449e376123fba171f) Importer(815301076,1909f56bfc062723c751e8b465ee728b)
Start importing Assets/Materials/SlateGrey.mat using Guid(edfd31e2bc03d58449e376123fba171f) Importer(815301076,1909f56bfc062723c751e8b465ee728b)  -> (artifact id: '55368bae19db03f319eda32118b36bb6') in 0.045438 seconds 
  Import took 0.057862 seconds .

========================================================================
Received Import Request.
  Time since last request: 2345.630594 seconds.
  path: Assets/Materials/SlateGrey.mat
  artifactKey: Guid(edfd31e2bc03d58449e376123fba171f) Importer(815301076,1909f56bfc062723c751e8b465ee728b)
Start importing Assets/Materials/SlateGrey.mat using Guid(edfd31e2bc03d58449e376123fba171f) Importer(815301076,1909f56bfc062723c751e8b465ee728b)  -> (artifact id: 'be443150e03683056bfe66e3b1b9ea5f') in 0.018638 seconds 
  Import took 0.030113 seconds .

========================================================================
Received Prepare
Registering precompiled user dll's ...
Registered in 0.006778 seconds.
Begin MonoManager ReloadAssembly
Native extension for WindowsStandalone target not found
Refreshing native plugins compatible for Editor in 0.41 ms, found 2 plugins.
Preloading 0 native plugins for Editor in 0.00 ms.
Mono: successfully reloaded assembly
- Completed reload, in  1.368 seconds
Domain Reload Profiling:
	ReloadAssembly (1368ms)
		BeginReloadAssembly (193ms)
			ExecutionOrderSort (0ms)
			DisableScriptedObjects (8ms)
			BackupInstance (0ms)
			ReleaseScriptingObjects (0ms)
			CreateAndSetChildDomain (60ms)
		EndReloadAssembly (1075ms)
			LoadAssemblies (150ms)
			RebuildTransferFunctionScriptingTraits (0ms)
			SetupTypeCache (328ms)
			ReleaseScriptCaches (1ms)
			RebuildScriptCaches (47ms)
			SetupLoadedEditorAssemblies (471ms)
				LogAssemblyErrors (0ms)
				InitializePlatformSupportModulesInManaged (8ms)
				SetLoadedEditorAssemblies (0ms)
				RefreshPlugins (1ms)
				BeforeProcessingInitializeOnLoad (139ms)
				ProcessInitializeOnLoadAttributes (314ms)
				ProcessInitializeOnLoadMethodAttributes (5ms)
				AfterProcessingInitializeOnLoad (4ms)
				EditorAssembliesLoaded (0ms)
			ExecutionOrderSort2 (0ms)
			AwakeInstancesAfterBackupRestoration (7ms)
Platform modules already initialized, skipping
Refreshing native plugins compatible for Editor in 0.38 ms, found 2 plugins.
Preloading 0 native plugins for Editor in 0.00 ms.
Unloading 1538 Unused Serialized files (Serialized files now loaded: 0)
System memory in use before: 90.7 MB.
System memory in use after: 90.9 MB.

Unloading 14 unused Assets to reduce memory usage. Loaded Objects now: 2073.
Total: 3.329000 ms (FindLiveObjects: 0.156200 ms CreateObjectMapping: 0.053800 ms MarkObjects: 3.058700 ms  DeleteObjects: 0.059200 ms)

AssetImportParameters requested are different than current active one (requested -> active):
  custom:framework-win-MediaFoundation: 216162199b28c13a410421893ffa2e32 -> 
  custom:video-decoder-ogg-theora: a1e56fd34408186e4bbccfd4996cb3dc -> 
  custom:container-muxer-webm: aa71ff27fc2769a1b78a27578f13a17b -> 
  custom:container-demuxer-webm: 4f35f7cbe854078d1ac9338744f61a02 -> 
  custom:container-demuxer-ogg: 62fdf1f143b41e24485cea50d1cbac27 -> 
  custom:video-encoder-webm-vp8: eb34c28f22e8b96e1ab97ce403110664 -> 
  custom:video-codec-MediaFoundation-h265: 746d11721c4dcdbdad8f713fa42b33f4 -> 
  custom:video-decoder-webm-vp8: 9c59270c3fd7afecdb556c50c9e8de78 -> 
  custom:audio-decoder-ogg-vorbis: bf7c407c2cedff20999df2af8eb42d56 -> 
  custom:audio-encoder-webm-vorbis: bf7c407c2cedff20999df2af8eb42d56 -> 
========================================================================
Received Import Request.
  Time since last request: 3049.874079 seconds.
  path: Assets/Prefabs/Player.prefab
  artifactKey: Guid(6b1b6fb89ca0f0f46ac7c6768f17fa32) Importer(815301076,1909f56bfc062723c751e8b465ee728b)
Start importing Assets/Prefabs/Player.prefab using Guid(6b1b6fb89ca0f0f46ac7c6768f17fa32) Importer(815301076,1909f56bfc062723c751e8b465ee728b)  -> (artifact id: '5d15f988086a5557f46931e074bca17a') in 0.258507 seconds 
  Import took 0.271489 seconds .

========================================================================
Received Import Request.
  Time since last request: 0.005391 seconds.
  path: Assets/Prefabs/Player.prefab
  artifactKey: Guid(6b1b6fb89ca0f0f46ac7c6768f17fa32) Importer(815301076,1909f56bfc062723c751e8b465ee728b)
Start importing Assets/Prefabs/Player.prefab using Guid(6b1b6fb89ca0f0f46ac7c6768f17fa32) Importer(815301076,1909f56bfc062723c751e8b465ee728b)  -> (artifact id: '5d15f988086a5557f46931e074bca17a') in 0.016494 seconds 
  Import took 0.020728 seconds .

========================================================================
Received Prepare
Registering precompiled user dll's ...
Registered in 0.004587 seconds.
Begin MonoManager ReloadAssembly
Native extension for WindowsStandalone target not found
Refreshing native plugins compatible for Editor in 0.35 ms, found 2 plugins.
Preloading 0 native plugins for Editor in 0.00 ms.
Mono: successfully reloaded assembly
- Completed reload, in  1.121 seconds
Domain Reload Profiling:
	ReloadAssembly (1122ms)
		BeginReloadAssembly (138ms)
			ExecutionOrderSort (0ms)
			DisableScriptedObjects (4ms)
			BackupInstance (0ms)
			ReleaseScriptingObjects (0ms)
			CreateAndSetChildDomain (33ms)
		EndReloadAssembly (909ms)
			LoadAssemblies (120ms)
			RebuildTransferFunctionScriptingTraits (0ms)
			SetupTypeCache (307ms)
			ReleaseScriptCaches (1ms)
			RebuildScriptCaches (41ms)
			SetupLoadedEditorAssemblies (328ms)
				LogAssemblyErrors (0ms)
				InitializePlatformSupportModulesInManaged (5ms)
				SetLoadedEditorAssemblies (0ms)
				RefreshPlugins (0ms)
				BeforeProcessingInitializeOnLoad (102ms)
				ProcessInitializeOnLoadAttributes (212ms)
				ProcessInitializeOnLoadMethodAttributes (5ms)
				AfterProcessingInitializeOnLoad (3ms)
				EditorAssembliesLoaded (0ms)
			ExecutionOrderSort2 (0ms)
			AwakeInstancesAfterBackupRestoration (10ms)
Platform modules already initialized, skipping
Refreshing native plugins compatible for Editor in 0.36 ms, found 2 plugins.
Preloading 0 native plugins for Editor in 0.00 ms.
Unloading 1538 Unused Serialized files (Serialized files now loaded: 0)
System memory in use before: 104.4 MB.
System memory in use after: 104.5 MB.

Unloading 12 unused Assets to reduce memory usage. Loaded Objects now: 2077.
Total: 2.833100 ms (FindLiveObjects: 0.142000 ms CreateObjectMapping: 0.042400 ms MarkObjects: 2.616900 ms  DeleteObjects: 0.030900 ms)

AssetImportParameters requested are different than current active one (requested -> active):
  custom:framework-win-MediaFoundation: 216162199b28c13a410421893ffa2e32 -> 
  custom:video-decoder-ogg-theora: a1e56fd34408186e4bbccfd4996cb3dc -> 
  custom:container-muxer-webm: aa71ff27fc2769a1b78a27578f13a17b -> 
  custom:container-demuxer-webm: 4f35f7cbe854078d1ac9338744f61a02 -> 
  custom:container-demuxer-ogg: 62fdf1f143b41e24485cea50d1cbac27 -> 
  custom:video-encoder-webm-vp8: eb34c28f22e8b96e1ab97ce403110664 -> 
  custom:video-codec-MediaFoundation-h265: 746d11721c4dcdbdad8f713fa42b33f4 -> 
  custom:video-decoder-webm-vp8: 9c59270c3fd7afecdb556c50c9e8de78 -> 
  custom:audio-decoder-ogg-vorbis: bf7c407c2cedff20999df2af8eb42d56 -> 
  custom:audio-encoder-webm-vorbis: bf7c407c2cedff20999df2af8eb42d56 -> 
========================================================================
Received Import Request.
  Time since last request: 463.744818 seconds.
  path: Assets/Models/chest.blend
  artifactKey: Guid(f5fe67c5fe8352a4bb8e77af39fa65c9) Importer(815301076,1909f56bfc062723c751e8b465ee728b)
Start importing Assets/Models/chest.blend using Guid(f5fe67c5fe8352a4bb8e77af39fa65c9) Importer(815301076,1909f56bfc062723c751e8b465ee728b)  -> (artifact id: 'db78f6545ba92efc2257ed6342a6e710') in 0.164380 seconds 
  Import took 0.179828 seconds .

========================================================================
Received Import Request.
  Time since last request: 356.204657 seconds.
  path: Assets/Models/chest.blend
  artifactKey: Guid(f5fe67c5fe8352a4bb8e77af39fa65c9) Importer(815301076,1909f56bfc062723c751e8b465ee728b)
Start importing Assets/Models/chest.blend using Guid(f5fe67c5fe8352a4bb8e77af39fa65c9) Importer(815301076,1909f56bfc062723c751e8b465ee728b)  -> (artifact id: 'c54b06e7338a7c66574f11ace815c015') in 0.035267 seconds 
  Import took 0.052131 seconds .

========================================================================
Received Prepare
Registering precompiled user dll's ...
Registered in 0.003533 seconds.
Begin MonoManager ReloadAssembly
Native extension for WindowsStandalone target not found
Refreshing native plugins compatible for Editor in 0.35 ms, found 2 plugins.
Preloading 0 native plugins for Editor in 0.00 ms.
Mono: successfully reloaded assembly
- Completed reload, in  1.189 seconds
Domain Reload Profiling:
	ReloadAssembly (1191ms)
		BeginReloadAssembly (131ms)
			ExecutionOrderSort (0ms)
			DisableScriptedObjects (5ms)
			BackupInstance (0ms)
			ReleaseScriptingObjects (0ms)
			CreateAndSetChildDomain (35ms)
		EndReloadAssembly (999ms)
			LoadAssemblies (122ms)
			RebuildTransferFunctionScriptingTraits (0ms)
			SetupTypeCache (370ms)
			ReleaseScriptCaches (1ms)
			RebuildScriptCaches (44ms)
			SetupLoadedEditorAssemblies (330ms)
				LogAssemblyErrors (0ms)
				InitializePlatformSupportModulesInManaged (8ms)
				SetLoadedEditorAssemblies (0ms)
				RefreshPlugins (0ms)
				BeforeProcessingInitializeOnLoad (96ms)
				ProcessInitializeOnLoadAttributes (216ms)
				ProcessInitializeOnLoadMethodAttributes (5ms)
				AfterProcessingInitializeOnLoad (3ms)
				EditorAssembliesLoaded (0ms)
			ExecutionOrderSort2 (0ms)
			AwakeInstancesAfterBackupRestoration (12ms)
Platform modules already initialized, skipping
Refreshing native plugins compatible for Editor in 0.38 ms, found 2 plugins.
Preloading 0 native plugins for Editor in 0.00 ms.
Unloading 1538 Unused Serialized files (Serialized files now loaded: 0)
System memory in use before: 104.5 MB.
System memory in use after: 104.7 MB.

Unloading 13 unused Assets to reduce memory usage. Loaded Objects now: 2083.
Total: 2.788600 ms (FindLiveObjects: 0.170300 ms CreateObjectMapping: 0.061900 ms MarkObjects: 2.516700 ms  DeleteObjects: 0.038900 ms)

AssetImportParameters requested are different than current active one (requested -> active):
  custom:framework-win-MediaFoundation: 216162199b28c13a410421893ffa2e32 -> 
  custom:video-decoder-ogg-theora: a1e56fd34408186e4bbccfd4996cb3dc -> 
  custom:container-muxer-webm: aa71ff27fc2769a1b78a27578f13a17b -> 
  custom:container-demuxer-webm: 4f35f7cbe854078d1ac9338744f61a02 -> 
  custom:container-demuxer-ogg: 62fdf1f143b41e24485cea50d1cbac27 -> 
  custom:video-encoder-webm-vp8: eb34c28f22e8b96e1ab97ce403110664 -> 
  custom:video-codec-MediaFoundation-h265: 746d11721c4dcdbdad8f713fa42b33f4 -> 
  custom:video-decoder-webm-vp8: 9c59270c3fd7afecdb556c50c9e8de78 -> 
  custom:audio-decoder-ogg-vorbis: bf7c407c2cedff20999df2af8eb42d56 -> 
  custom:audio-encoder-webm-vorbis: bf7c407c2cedff20999df2af8eb42d56 -> 
========================================================================
Received Import Request.
  Time since last request: 120.630398 seconds.
  path: Assets/Models/well.blend
  artifactKey: Guid(2dba1457a8e217b408b59c8f132de808) Importer(815301076,1909f56bfc062723c751e8b465ee728b)
Start importing Assets/Models/well.blend using Guid(2dba1457a8e217b408b59c8f132de808) Importer(815301076,1909f56bfc062723c751e8b465ee728b)  -> (artifact id: '8946aa72a34fda4fad46324b72561c57') in 0.094460 seconds 
  Import took 0.108168 seconds .

========================================================================
Received Import Request.
  Time since last request: 0.000236 seconds.
  path: Assets/Models/pyramid.blend
  artifactKey: Guid(344089dc79ad47241a6dce6c45206816) Importer(815301076,1909f56bfc062723c751e8b465ee728b)
Start importing Assets/Models/pyramid.blend using Guid(344089dc79ad47241a6dce6c45206816) Importer(815301076,1909f56bfc062723c751e8b465ee728b)  -> (artifact id: 'e422aaa3a96ce873c80989cd1e995060') in 0.011219 seconds 
  Import took 0.015662 seconds .

========================================================================
Received Import Request.
  Time since last request: 0.000227 seconds.
  path: Assets/Models/die.blend
  artifactKey: Guid(959d27f72448b2746b5b76c21c507211) Importer(815301076,1909f56bfc062723c751e8b465ee728b)
Start importing Assets/Models/die.blend using Guid(959d27f72448b2746b5b76c21c507211) Importer(815301076,1909f56bfc062723c751e8b465ee728b)  -> (artifact id: '8a6122c82ed157dfeccc2c3a394c0078') in 0.011289 seconds 
  Import took 0.020351 seconds .

========================================================================
Received Import Request.
  Time since last request: 0.000274 seconds.
  path: Assets/Models/artifact.blend
  artifactKey: Guid(f5ab0fb5e1562004cb9bc32d8ad02d35) Importer(815301076,1909f56bfc062723c751e8b465ee728b)
Start importing Assets/Models/artifact.blend using Guid(f5ab0fb5e1562004cb9bc32d8ad02d35) Importer(815301076,1909f56bfc062723c751e8b465ee728b)  -> (artifact id: '69d3635686d927138dbf682b8a402863') in 0.040938 seconds 
  Import took 0.062514 seconds .

========================================================================
Received Import Request.
  Time since last request: 0.000235 seconds.
  path: Assets/Models/commbadge.blend
  artifactKey: Guid(b923afafbf4e3c64093976d7386f98cc) Importer(815301076,1909f56bfc062723c751e8b465ee728b)
Start importing Assets/Models/commbadge.blend using Guid(b923afafbf4e3c64093976d7386f98cc) Importer(815301076,1909f56bfc062723c751e8b465ee728b)  -> (artifact id: '00a25d4b3e4adfd46ca61d4e254e3797') in 0.012358 seconds 
  Import took 0.028289 seconds .

========================================================================
Received Import Request.
  Time since last request: 0.000269 seconds.
  path: Assets/Models/weirdtable.blend
  artifactKey: Guid(bd04aa2ca3f1a0a4c92501f5b9c55107) Importer(815301076,1909f56bfc062723c751e8b465ee728b)
Start importing Assets/Models/weirdtable.blend using Guid(bd04aa2ca3f1a0a4c92501f5b9c55107) Importer(815301076,1909f56bfc062723c751e8b465ee728b)  -> (artifact id: '617dedd9e5a35f1b542811c72b2f24c4') in 0.012825 seconds 
  Import took 0.015277 seconds .

========================================================================
Received Import Request.
  Time since last request: 0.000329 seconds.
  path: Assets/Models/house.blend
  artifactKey: Guid(62635ae18e092ea418acb0fde962f78e) Importer(815301076,1909f56bfc062723c751e8b465ee728b)
Start importing Assets/Models/house.blend using Guid(62635ae18e092ea418acb0fde962f78e) Importer(815301076,1909f56bfc062723c751e8b465ee728b)  -> (artifact id: '456f015632a03082c6d754f8cf64f030') in 0.017458 seconds 
  Import took 0.035564 seconds .

========================================================================
Received Import Request.
  Time since last request: 0.000317 seconds.
  path: Assets/Models/mysteriouspipe.blend
  artifactKey: Guid(f03f2831f6849af469d83ba9f0da6252) Importer(815301076,1909f56bfc062723c751e8b465ee728b)
Start importing Assets/Models/mysteriouspipe.blend using Guid(f03f2831f6849af469d83ba9f0da6252) Importer(815301076,1909f56bfc062723c751e8b465ee728b)  -> (artifact id: 'bbeb12c345446271d603afb013d3f81e') in 0.013646 seconds 
  Import took 0.040689 seconds .

========================================================================
Received Import Request.
  Time since last request: 0.000260 seconds.
  path: Assets/Models/house.blend
  artifactKey: Guid(62635ae18e092ea418acb0fde962f78e) Importer(815301076,1909f56bfc062723c751e8b465ee728b)
Start importing Assets/Models/house.blend using Guid(62635ae18e092ea418acb0fde962f78e) Importer(815301076,1909f56bfc062723c751e8b465ee728b)  -> (artifact id: '456f015632a03082c6d754f8cf64f030') in 0.025345 seconds 
  Import took 0.028635 seconds .

========================================================================
Received Import Request.
  Time since last request: 0.000284 seconds.
  path: Assets/Models/obelisk.blend
  artifactKey: Guid(df9f982302a829d478160d71d53a1b99) Importer(815301076,1909f56bfc062723c751e8b465ee728b)
Start importing Assets/Models/obelisk.blend using Guid(df9f982302a829d478160d71d53a1b99) Importer(815301076,1909f56bfc062723c751e8b465ee728b)  -> (artifact id: '15ab7ae9f770ea460eafb6d7ef7b19e7') in 0.015402 seconds 
  Import took 0.020696 seconds .

========================================================================
Received Prepare
Registering precompiled user dll's ...
Registered in 0.003855 seconds.
Begin MonoManager ReloadAssembly
Native extension for WindowsStandalone target not found
Refreshing native plugins compatible for Editor in 0.38 ms, found 2 plugins.
Preloading 0 native plugins for Editor in 0.00 ms.
Mono: successfully reloaded assembly
- Completed reload, in  1.051 seconds
Domain Reload Profiling:
	ReloadAssembly (1052ms)
		BeginReloadAssembly (142ms)
			ExecutionOrderSort (0ms)
			DisableScriptedObjects (4ms)
			BackupInstance (0ms)
			ReleaseScriptingObjects (0ms)
			CreateAndSetChildDomain (35ms)
		EndReloadAssembly (848ms)
			LoadAssemblies (111ms)
			RebuildTransferFunctionScriptingTraits (0ms)
			SetupTypeCache (289ms)
			ReleaseScriptCaches (1ms)
			RebuildScriptCaches (40ms)
			SetupLoadedEditorAssemblies (308ms)
				LogAssemblyErrors (0ms)
				InitializePlatformSupportModulesInManaged (5ms)
				SetLoadedEditorAssemblies (1ms)
				RefreshPlugins (0ms)
				BeforeProcessingInitializeOnLoad (88ms)
				ProcessInitializeOnLoadAttributes (203ms)
				ProcessInitializeOnLoadMethodAttributes (7ms)
				AfterProcessingInitializeOnLoad (3ms)
				EditorAssembliesLoaded (0ms)
			ExecutionOrderSort2 (0ms)
			AwakeInstancesAfterBackupRestoration (7ms)
Platform modules already initialized, skipping
Refreshing native plugins compatible for Editor in 0.45 ms, found 2 plugins.
Preloading 0 native plugins for Editor in 0.00 ms.
Unloading 1538 Unused Serialized files (Serialized files now loaded: 0)
System memory in use before: 104.6 MB.
System memory in use after: 104.7 MB.

Unloading 13 unused Assets to reduce memory usage. Loaded Objects now: 2086.
Total: 3.681500 ms (FindLiveObjects: 0.146100 ms CreateObjectMapping: 0.044900 ms MarkObjects: 3.439100 ms  DeleteObjects: 0.050400 ms)

AssetImportParameters requested are different than current active one (requested -> active):
  custom:framework-win-MediaFoundation: 216162199b28c13a410421893ffa2e32 -> 
  custom:video-decoder-ogg-theora: a1e56fd34408186e4bbccfd4996cb3dc -> 
  custom:container-muxer-webm: aa71ff27fc2769a1b78a27578f13a17b -> 
  custom:container-demuxer-webm: 4f35f7cbe854078d1ac9338744f61a02 -> 
  custom:container-demuxer-ogg: 62fdf1f143b41e24485cea50d1cbac27 -> 
  custom:video-encoder-webm-vp8: eb34c28f22e8b96e1ab97ce403110664 -> 
  custom:video-codec-MediaFoundation-h265: 746d11721c4dcdbdad8f713fa42b33f4 -> 
  custom:video-decoder-webm-vp8: 9c59270c3fd7afecdb556c50c9e8de78 -> 
  custom:audio-decoder-ogg-vorbis: bf7c407c2cedff20999df2af8eb42d56 -> 
  custom:audio-encoder-webm-vorbis: bf7c407c2cedff20999df2af8eb42d56 -> 
========================================================================
Received Import Request.
  Time since last request: 185.339210 seconds.
  path: Assets/Materials/GreenPipe.mat
  artifactKey: Guid(410a6f94dc3e4e44db4a75fad936aee9) Importer(815301076,1909f56bfc062723c751e8b465ee728b)
Start importing Assets/Materials/GreenPipe.mat using Guid(410a6f94dc3e4e44db4a75fad936aee9) Importer(815301076,1909f56bfc062723c751e8b465ee728b)  -> (artifact id: 'f3ab2466b032384aff79a87e7c3542e1') in 0.063975 seconds 
  Import took 0.072450 seconds .

========================================================================
Received Import Request.
  Time since last request: 76.165327 seconds.
  path: Assets/Materials/testmaterial.mat
  artifactKey: Guid(19d7dc23106082949b0ceb9cc71bf711) Importer(815301076,1909f56bfc062723c751e8b465ee728b)
Start importing Assets/Materials/testmaterial.mat using Guid(19d7dc23106082949b0ceb9cc71bf711) Importer(815301076,1909f56bfc062723c751e8b465ee728b)  -> (artifact id: 'e8bf2b57615ba88c5881d93f6d071e06') in 0.009530 seconds 
  Import took 0.028365 seconds .

========================================================================
Received Prepare
Registering precompiled user dll's ...
Registered in 0.004988 seconds.
Begin MonoManager ReloadAssembly
Native extension for WindowsStandalone target not found
Refreshing native plugins compatible for Editor in 0.34 ms, found 2 plugins.
Preloading 0 native plugins for Editor in 0.00 ms.
Mono: successfully reloaded assembly
- Completed reload, in  1.314 seconds
Domain Reload Profiling:
	ReloadAssembly (1315ms)
		BeginReloadAssembly (237ms)
			ExecutionOrderSort (0ms)
			DisableScriptedObjects (8ms)
			BackupInstance (0ms)
			ReleaseScriptingObjects (0ms)
			CreateAndSetChildDomain (60ms)
		EndReloadAssembly (945ms)
			LoadAssemblies (195ms)
			RebuildTransferFunctionScriptingTraits (0ms)
			SetupTypeCache (351ms)
			ReleaseScriptCaches (1ms)
			RebuildScriptCaches (41ms)
			SetupLoadedEditorAssemblies (318ms)
				LogAssemblyErrors (0ms)
				InitializePlatformSupportModulesInManaged (5ms)
				SetLoadedEditorAssemblies (0ms)
				RefreshPlugins (0ms)
				BeforeProcessingInitializeOnLoad (97ms)
				ProcessInitializeOnLoadAttributes (207ms)
				ProcessInitializeOnLoadMethodAttributes (5ms)
				AfterProcessingInitializeOnLoad (3ms)
				EditorAssembliesLoaded (0ms)
			ExecutionOrderSort2 (0ms)
			AwakeInstancesAfterBackupRestoration (7ms)
Platform modules already initialized, skipping
Refreshing native plugins compatible for Editor in 0.48 ms, found 2 plugins.
Preloading 0 native plugins for Editor in 0.00 ms.
Unloading 1538 Unused Serialized files (Serialized files now loaded: 0)
System memory in use before: 104.6 MB.
System memory in use after: 104.7 MB.

Unloading 12 unused Assets to reduce memory usage. Loaded Objects now: 2089.
Total: 2.634400 ms (FindLiveObjects: 0.149700 ms CreateObjectMapping: 0.045700 ms MarkObjects: 2.405200 ms  DeleteObjects: 0.032700 ms)

AssetImportParameters requested are different than current active one (requested -> active):
  custom:framework-win-MediaFoundation: 216162199b28c13a410421893ffa2e32 -> 
  custom:video-decoder-ogg-theora: a1e56fd34408186e4bbccfd4996cb3dc -> 
  custom:container-muxer-webm: aa71ff27fc2769a1b78a27578f13a17b -> 
  custom:container-demuxer-webm: 4f35f7cbe854078d1ac9338744f61a02 -> 
  custom:container-demuxer-ogg: 62fdf1f143b41e24485cea50d1cbac27 -> 
  custom:video-encoder-webm-vp8: eb34c28f22e8b96e1ab97ce403110664 -> 
  custom:video-codec-MediaFoundation-h265: 746d11721c4dcdbdad8f713fa42b33f4 -> 
  custom:video-decoder-webm-vp8: 9c59270c3fd7afecdb556c50c9e8de78 -> 
  custom:audio-decoder-ogg-vorbis: bf7c407c2cedff20999df2af8eb42d56 -> 
  custom:audio-encoder-webm-vorbis: bf7c407c2cedff20999df2af8eb42d56 -> 
========================================================================
Received Import Request.
  Time since last request: 155.666850 seconds.
  path: Assets/Materials/GreenPipe.mat
  artifactKey: Guid(410a6f94dc3e4e44db4a75fad936aee9) Importer(815301076,1909f56bfc062723c751e8b465ee728b)
Start importing Assets/Materials/GreenPipe.mat using Guid(410a6f94dc3e4e44db4a75fad936aee9) Importer(815301076,1909f56bfc062723c751e8b465ee728b)  -> (artifact id: 'e83a43970b7c4d78d481723df09bf3ea') in 0.064881 seconds 
  Import took 0.067930 seconds .

========================================================================
Received Import Request.
  Time since last request: 0.000251 seconds.
  path: Assets/Materials/testmaterial.mat
  artifactKey: Guid(19d7dc23106082949b0ceb9cc71bf711) Importer(815301076,1909f56bfc062723c751e8b465ee728b)
Start importing Assets/Materials/testmaterial.mat using Guid(19d7dc23106082949b0ceb9cc71bf711) Importer(815301076,1909f56bfc062723c751e8b465ee728b)  -> (artifact id: 'd21b5612234754a0179899d58d7fdadb') in 0.011300 seconds 
  Import took 0.018286 seconds .

========================================================================
Received Import Request.
  Time since last request: 0.002742 seconds.
  path: Assets/Materials/testmaterial.mat
  artifactKey: Guid(19d7dc23106082949b0ceb9cc71bf711) Importer(815301076,1909f56bfc062723c751e8b465ee728b)
Start importing Assets/Materials/testmaterial.mat using Guid(19d7dc23106082949b0ceb9cc71bf711) Importer(815301076,1909f56bfc062723c751e8b465ee728b)  -> (artifact id: 'd21b5612234754a0179899d58d7fdadb') in 0.009141 seconds 
  Import took 0.014025 seconds .

AssetImportWorkerClient::OnTransportError - code=2 error=End of file
